<?xml version="1.0" encoding="utf-8"?><testsuites><testsuite errors="0" failures="0" hostname="jiangguo" name="pytest" skipped="0" tests="1" time="16.880" timestamp="2020-06-20T22:34:02.960469"><testcase classname="test_dir.test_baidu.TestSearch" file="test_dir\test_baidu.py" line="19" name="test_baidu_search_case" time="15.513"></testcase></testsuite></testsuites>